[2020-10-31 08:24:04] local.ERROR: syntax error, unexpected ')' {"exception":"[object] (ParseError(code: 0): syntax error, unexpected ')' at /var/www/vendor/laravel/framework/src/Illuminate/Bus/BusServiceProvider.php:51)
[stacktrace]
#0 /var/www/vendor/composer/ClassLoader.php(322): Composer\\Autoload\\includeFile('/var/www/vendor...')
#1 [internal function]: Composer\\Autoload\\ClassLoader->loadClass('Illuminate\\\\Bus\\\\...')
#2 /var/www/vendor/laravel/framework/src/Illuminate/Foundation/Application.php(761): spl_autoload_call('Illuminate\\\\Bus\\\\...')
#3 /var/www/vendor/laravel/framework/src/Illuminate/Foundation/Application.php(741): Illuminate\\Foundation\\Application->registerDeferredProvider('Illuminate\\\\Bus\\\\...', 'Illuminate\\\\Bus\\\\...')
#4 /var/www/vendor/laravel/framework/src/Illuminate/Foundation/Application.php(717): Illuminate\\Foundation\\Application->loadDeferredProvider('Illuminate\\\\Bus\\\\...')
#5 /var/www/vendor/laravel/framework/src/Illuminate/Foundation/Console/Kernel.php(313): Illuminate\\Foundation\\Application->loadDeferredProviders()
#6 /var/www/vendor/laravel/framework/src/Illuminate/Foundation/Console/Kernel.php(127): Illuminate\\Foundation\\Console\\Kernel->bootstrap()
#7 /var/www/artisan(37): Illuminate\\Foundation\\Console\\Kernel->handle(Object(Symfony\\Component\\Console\\Input\\ArgvInput), Object(Symfony\\Component\\Console\\Output\\ConsoleOutput))
#8 {main}
"} 
[2020-10-31 08:25:18] local.ERROR: syntax error, unexpected ')' {"exception":"[object] (ParseError(code: 0): syntax error, unexpected ')' at /var/www/vendor/laravel/framework/src/Illuminate/Bus/BusServiceProvider.php:51)
[stacktrace]
#0 /var/www/vendor/composer/ClassLoader.php(322): Composer\\Autoload\\includeFile('/var/www/vendor...')
#1 [internal function]: Composer\\Autoload\\ClassLoader->loadClass('Illuminate\\\\Bus\\\\...')
#2 /var/www/vendor/laravel/framework/src/Illuminate/Foundation/Application.php(761): spl_autoload_call('Illuminate\\\\Bus\\\\...')
#3 /var/www/vendor/laravel/framework/src/Illuminate/Foundation/Application.php(741): Illuminate\\Foundation\\Application->registerDeferredProvider('Illuminate\\\\Bus\\\\...', 'Illuminate\\\\Bus\\\\...')
#4 /var/www/vendor/laravel/framework/src/Illuminate/Foundation/Application.php(717): Illuminate\\Foundation\\Application->loadDeferredProvider('Illuminate\\\\Bus\\\\...')
#5 /var/www/vendor/laravel/framework/src/Illuminate/Foundation/Console/Kernel.php(313): Illuminate\\Foundation\\Application->loadDeferredProviders()
#6 /var/www/vendor/laravel/framework/src/Illuminate/Foundation/Console/Kernel.php(127): Illuminate\\Foundation\\Console\\Kernel->bootstrap()
#7 /var/www/artisan(37): Illuminate\\Foundation\\Console\\Kernel->handle(Object(Symfony\\Component\\Console\\Input\\ArgvInput), Object(Symfony\\Component\\Console\\Output\\ConsoleOutput))
#8 {main}
"} 
